<?xml version="1.0" encoding="UTF-8"?>
<testng-results ignored="0" total="1" passed="1" failed="0" skipped="0">
  <reporter-output>
  </reporter-output>
  <suite started-at="2023-09-27T17:20:36 IST" name="Suite" finished-at="2023-09-27T17:21:31 IST" duration-ms="55222">
    <groups>
    </groups>
    <test started-at="2023-09-27T17:20:36 IST" name="Test" finished-at="2023-09-27T17:21:31 IST" duration-ms="55222">
      <class name="com.Test.Associated_Your_Patent_Test">
        <test-method is-config="true" signature="BS()[pri:0, instance:com.Test.Associated_Your_Patent_Test@7dda48d9]" started-at="2023-09-27T17:20:36 IST" name="BS" finished-at="2023-09-27T17:20:36 IST" duration-ms="6" status="PASS">
          <reporter-output>
          </reporter-output>
        </test-method> <!-- BS -->
        <test-method is-config="true" signature="setup()[pri:0, instance:com.Test.Associated_Your_Patent_Test@7dda48d9]" started-at="2023-09-27T17:20:36 IST" name="setup" finished-at="2023-09-27T17:20:39 IST" duration-ms="3430" status="PASS">
          <reporter-output>
          </reporter-output>
        </test-method> <!-- setup -->
        <test-method signature="Associated_Your_Patent_Test()[pri:0, instance:com.Test.Associated_Your_Patent_Test@7dda48d9]" started-at="2023-09-27T17:20:39 IST" name="Associated_Your_Patent_Test" finished-at="2023-09-27T17:21:31 IST" duration-ms="51288" status="PASS">
          <reporter-output>
          </reporter-output>
        </test-method> <!-- Associated_Your_Patent_Test -->
        <test-method is-config="true" signature="teardown()[pri:0, instance:com.Test.Associated_Your_Patent_Test@7dda48d9]" started-at="2023-09-27T17:21:31 IST" name="teardown" finished-at="2023-09-27T17:21:31 IST" duration-ms="331" status="PASS">
          <reporter-output>
          </reporter-output>
        </test-method> <!-- teardown -->
      </class> <!-- com.Test.Associated_Your_Patent_Test -->
    </test> <!-- Test -->
  </suite> <!-- Suite -->
</testng-results>
